  BattleBot.cpp
C:\Users\PC\Documents\GitHub\EECS-448---BattleShip\BattleBot.cpp(204,47): warning C4305: '=': truncation from 'char' to 'bool'
C:\Users\PC\Documents\GitHub\EECS-448---BattleShip\BattleBot.cpp(232,47): warning C4305: '=': truncation from 'char' to 'bool'
C:\Users\PC\Documents\GitHub\EECS-448---BattleShip\BattleBot.cpp(252,47): warning C4305: '=': truncation from 'char' to 'bool'
C:\Users\PC\Documents\GitHub\EECS-448---BattleShip\BattleBot.cpp(266,47): warning C4305: '=': truncation from 'char' to 'bool'
  main.cpp
C:\Users\PC\Documents\GitHub\EECS-448---BattleShip\BattleBot.cpp(276,39): warning C4305: '=': truncation from 'char' to 'bool'
C:\Users\PC\Documents\GitHub\EECS-448---BattleShip\main.cpp(16,8): error C3861: 'time': identifier not found
C:\Users\PC\Documents\GitHub\EECS-448---BattleShip\main.cpp(78,30): error C2065: 'Y': undeclared identifier
C:\Users\PC\Documents\GitHub\EECS-448---BattleShip\main.cpp(78,32): error C2065: 'y': undeclared identifier
C:\Users\PC\Documents\GitHub\EECS-448---BattleShip\main.cpp(78,34): error C2065: 'N': undeclared identifier
C:\Users\PC\Documents\GitHub\EECS-448---BattleShip\main.cpp(78,36): error C2065: 'n': undeclared identifier
C:\Users\PC\Documents\GitHub\EECS-448---BattleShip\main.cpp(79,9): error C3861: 'stoi': identifier not found
C:\Users\PC\Documents\GitHub\EECS-448---BattleShip\main.cpp(79,33): error C3861: 'stoi': identifier not found
C:\Users\PC\Documents\GitHub\EECS-448---BattleShip\main.cpp(80,13): error C3861: 'stoi': identifier not found
C:\Users\PC\Documents\GitHub\EECS-448---BattleShip\main.cpp(148,11): error C3861: 'stoi': identifier not found
C:\Users\PC\Documents\GitHub\EECS-448---BattleShip\main.cpp(148,35): error C3861: 'stoi': identifier not found
  SetUp.cpp
C:\Users\PC\Documents\GitHub\EECS-448---BattleShip\main.cpp(149,15): error C3861: 'stoi': identifier not found
C:\Users\PC\Documents\GitHub\EECS-448---BattleShip\SetUp.cpp(63,13): error C3861: 'stoi': identifier not found
  ShipMap.cpp
  Generating Code...
C:\Users\PC\Documents\GitHub\EECS-448---BattleShip\SetUp.cpp(159,13): error C3861: 'stoi': identifier not found
